c:\users\matheus\desktop\ufla\busca-em-largura-com-bags\pbfs\x64\debug\pbfs.obj
c:\users\matheus\desktop\ufla\busca-em-largura-com-bags\pbfs\x64\debug\vc142.pdb
c:\users\matheus\desktop\ufla\busca-em-largura-com-bags\pbfs\x64\debug\pbfs.exe
c:\users\matheus\desktop\ufla\busca-em-largura-com-bags\pbfs\x64\debug\pbfs.ilk
c:\users\matheus\desktop\ufla\busca-em-largura-com-bags\pbfs\x64\debug\pbfs.pdb
c:\users\matheus\appdata\local\temp\lnk{abcf60aa-2b9d-4199-8b64-21441e9cc171}.tmp
c:\users\matheus\desktop\ufla\busca-em-largura-com-bags\pbfs\x64\debug\pbfs.obj.enc
c:\users\matheus\desktop\ufla\busca-em-largura-com-bags\pbfs\x64\debug\vc142.idb
c:\users\matheus\desktop\ufla\busca-em-largura-com-bags\pbfs\x64\debug\pbfs.tlog\cl.command.1.tlog
c:\users\matheus\desktop\ufla\busca-em-largura-com-bags\pbfs\x64\debug\pbfs.tlog\cl.read.1.tlog
c:\users\matheus\desktop\ufla\busca-em-largura-com-bags\pbfs\x64\debug\pbfs.tlog\icl-mcpcom.read.1.tlog
c:\users\matheus\desktop\ufla\busca-em-largura-com-bags\pbfs\x64\debug\pbfs.tlog\icl-mcpcom.write.1.tlog
c:\users\matheus\desktop\ufla\busca-em-largura-com-bags\pbfs\x64\debug\pbfs.tlog\icl.command.1.tlog
c:\users\matheus\desktop\ufla\busca-em-largura-com-bags\pbfs\x64\debug\pbfs.tlog\icl.read.1.tlog
c:\users\matheus\desktop\ufla\busca-em-largura-com-bags\pbfs\x64\debug\pbfs.tlog\icl.write.1.tlog
c:\users\matheus\desktop\ufla\busca-em-largura-com-bags\pbfs\x64\debug\pbfs.tlog\link.command.1.tlog
c:\users\matheus\desktop\ufla\busca-em-largura-com-bags\pbfs\x64\debug\pbfs.tlog\link.read.1.tlog
c:\users\matheus\desktop\ufla\busca-em-largura-com-bags\pbfs\x64\debug\pbfs.tlog\link.write.1.tlog
c:\users\matheus\desktop\ufla\busca-em-largura-com-bags\pbfs\x64\debug\pbfs.tlog\xilink-link-cvtres.read.1.tlog
c:\users\matheus\desktop\ufla\busca-em-largura-com-bags\pbfs\x64\debug\pbfs.tlog\xilink-link-cvtres.write.1.tlog
c:\users\matheus\desktop\ufla\busca-em-largura-com-bags\pbfs\x64\debug\pbfs.tlog\xilink-link-rc.read.1.tlog
c:\users\matheus\desktop\ufla\busca-em-largura-com-bags\pbfs\x64\debug\pbfs.tlog\xilink-link-rc.write.1.tlog
c:\users\matheus\desktop\ufla\busca-em-largura-com-bags\pbfs\x64\debug\pbfs.tlog\xilink-link.11900-cvtres.read.1.tlog
c:\users\matheus\desktop\ufla\busca-em-largura-com-bags\pbfs\x64\debug\pbfs.tlog\xilink-link.11900-cvtres.write.1.tlog
c:\users\matheus\desktop\ufla\busca-em-largura-com-bags\pbfs\x64\debug\pbfs.tlog\xilink-link.11900-rc.read.1.tlog
c:\users\matheus\desktop\ufla\busca-em-largura-com-bags\pbfs\x64\debug\pbfs.tlog\xilink-link.11900-rc.write.1.tlog
c:\users\matheus\desktop\ufla\busca-em-largura-com-bags\pbfs\x64\debug\pbfs.tlog\xilink-link.11900.delete.1.tlog
c:\users\matheus\desktop\ufla\busca-em-largura-com-bags\pbfs\x64\debug\pbfs.tlog\xilink-link.11900.read.1.tlog
c:\users\matheus\desktop\ufla\busca-em-largura-com-bags\pbfs\x64\debug\pbfs.tlog\xilink-link.11900.read.2.tlog
c:\users\matheus\desktop\ufla\busca-em-largura-com-bags\pbfs\x64\debug\pbfs.tlog\xilink-link.11900.write.1.tlog
c:\users\matheus\desktop\ufla\busca-em-largura-com-bags\pbfs\x64\debug\pbfs.tlog\xilink-link.delete.1.tlog
c:\users\matheus\desktop\ufla\busca-em-largura-com-bags\pbfs\x64\debug\pbfs.tlog\xilink-link.read.1.tlog
c:\users\matheus\desktop\ufla\busca-em-largura-com-bags\pbfs\x64\debug\pbfs.tlog\xilink-link.read.2.tlog
c:\users\matheus\desktop\ufla\busca-em-largura-com-bags\pbfs\x64\debug\pbfs.tlog\xilink-link.write.1.tlog
c:\users\matheus\desktop\ufla\busca-em-largura-com-bags\pbfs\x64\debug\pbfs.tlog\xilink.command.1.tlog
c:\users\matheus\desktop\ufla\busca-em-largura-com-bags\pbfs\x64\debug\pbfs.tlog\xilink.read.1.tlog
c:\users\matheus\desktop\ufla\busca-em-largura-com-bags\pbfs\x64\debug\pbfs.tlog\xilink.write.1.tlog
